[33mcommit bc27911bfef138c278a594c42a10efb64644c94f[m[33m ([m[1;36mHEAD -> [m[1;32mmaster[m[33m, [m[1;32mfotos[m[33m)[m
Author: unknown <dzantarix@hotmail.com>
Date:   Fri Jul 10 17:43:23 2020 +0200

    quinto commit: eliminar una imagen

[33mcommit 918af84940cf9487a7b8f93511fd56d21f3c8ef0[m
Author: unknown <dzantarix@hotmail.com>
Date:   Fri Jul 10 17:42:44 2020 +0200

    Cuarto commit: se modifica readme.md

[33mcommit 515e64028a936c211d49d6ab52eb7e0fce7af719[m
Author: unknown <dzantarix@hotmail.com>
Date:   Fri Jul 10 17:40:35 2020 +0200

    Tercer commit: sube PDF examen

[33mcommit f7184d26e58612fd48057046b90554579a37a184[m
Author: unknown <dzantarix@hotmail.com>
Date:   Fri Jul 10 17:39:02 2020 +0200

    Segundo commit: sube dos imagenes

[33mcommit 9e6dec02803a23e10232b6ca123d8144f1acfbc4[m
Author: unknown <dzantarix@hotmail.com>
Date:   Fri Jul 10 17:34:11 2020 +0200

    Primer commit: sube readme.md
